<?xml version="1.0" encoding="UTF-8"?>
<testsuites name="jest tests" tests="1" failures="1" time="17.263">
  <testsuite name="undefined" errors="0" failures="1" skipped="0" timestamp="2020-01-03T08:55:01" time="15.447" tests="1">
    <testcase classname=" 测试" name=" 测试" time="13.797">
      <failure>Error: expect(received).toBe(expected) // Object.is equality

Expected: 7
Received: 6
    at Object.&lt;anonymous&gt;.test (/Users/lsk/Desktop/Code/LskLeetCode/answers/Q974.js:25:54)
    at Object.asyncJestTest (/Users/lsk/Desktop/Code/LskLeetCode/node_modules/jest-jasmine2/build/jasmineAsyncInstall.js:102:37)
    at resolve (/Users/lsk/Desktop/Code/LskLeetCode/node_modules/jest-jasmine2/build/queueRunner.js:43:12)
    at new Promise (&lt;anonymous&gt;)
    at mapper (/Users/lsk/Desktop/Code/LskLeetCode/node_modules/jest-jasmine2/build/queueRunner.js:26:19)
    at promise.then (/Users/lsk/Desktop/Code/LskLeetCode/node_modules/jest-jasmine2/build/queueRunner.js:73:41)</failure>
    </testcase>
  </testsuite>
</testsuites>